<?xml version="1.0" encoding="UTF-8"?>
<testng-results ignored="0" total="2" passed="2" failed="0" skipped="0">
  <reporter-output>
  </reporter-output>
  <suite started-at="2021-12-06T15:04:29 CST" name="Suite" finished-at="2021-12-06T15:04:29 CST" duration-ms="173">
    <groups>
    </groups>
    <test started-at="2021-12-06T15:04:29 CST" name="Test" finished-at="2021-12-06T15:04:29 CST" duration-ms="173">
      <class name="Mavenjava.qaautomation.SeleniumTest">
        <test-method signature="browserAutomation()[pri:0, instance:Mavenjava.qaautomation.SeleniumTest@3b07a0d6]" started-at="2021-12-06T15:04:29 CST" name="browserAutomation" finished-at="2021-12-06T15:04:29 CST" duration-ms="13" status="PASS">
          <reporter-output>
          </reporter-output>
        </test-method> <!-- browserAutomation -->
        <test-method signature="elementUi()[pri:0, instance:Mavenjava.qaautomation.SeleniumTest@3b07a0d6]" started-at="2021-12-06T15:04:29 CST" name="elementUi" finished-at="2021-12-06T15:04:29 CST" duration-ms="1" status="PASS">
          <reporter-output>
          </reporter-output>
        </test-method> <!-- elementUi -->
      </class> <!-- Mavenjava.qaautomation.SeleniumTest -->
    </test> <!-- Test -->
  </suite> <!-- Suite -->
</testng-results>
